{"uuid":"387752da-939d-438f-820c-cf35d4664c58","name":"com.mobile.app.Base.BaseTest.setUp","children":["b1777ad5-7eae-4907-80af-0e146b9b7f07"],"description":"","befores":[{"name":"setUp","status":"broken","statusDetails":{"known":false,"muted":false,"flaky":false,"message":"The local appium server has not been started. The given Node.js executable: C:\\Program Files\\nodejs\\node.exe Arguments: [C:\\Program Files\\nodejs\\node_modules\\appium\\build\\lib\\main.js, --port, 57048, --address, 127.0.0.1, --log, C:\\Users\\crroj\\Documents\\Github_projects\\Learning_AndroidMobileAutomation_POM\\target\\resources\\appium_server_logs28, --session-override] \nProcess output: uncaughtException: EPERM: operation not permitted, stat 'C:\\Users\\crroj\\Documents\\Github_projects\\Learning_AndroidMobileAutomation_POM\\target\\resources\\appium_server_logs28'\nError: EPERM: operation not permitted, stat 'C:\\Users\\crroj\\Documents\\Github_projects\\Learning_AndroidMobileAutomation_POM\\target\\resources\\appium_server_logs28'\r\nnode:events:496\r\n      throw er; // Unhandled 'error' event\r\n      ^\r\n\r\nNodeError: write after end\r\n    at writeAfterEnd (C:\\Users\\crroj\\AppData\\Roaming\\nvm\\v22.11.0\\node_modules\\appium\\node_modules\\winston\\node_modules\\readable-stream\\lib\\_stream_writable.js:264:12)\r\n    at PassThrough.Writable.write (C:\\Users\\crroj\\AppData\\Roaming\\nvm\\v22.11.0\\node_modules\\appium\\node_modules\\winston\\node_modules\\readable-stream\\lib\\_stream_writable.js:300:21)\r\n    at File.log (C:\\Users\\crroj\\AppData\\Roaming\\nvm\\v22.11.0\\node_modules\\appium\\node_modules\\winston\\lib\\winston\\transports\\file.js:222:34)\r\n    at File._write (C:\\Users\\crroj\\AppData\\Roaming\\nvm\\v22.11.0\\node_modules\\appium\\node_modules\\winston-transport\\modern.js:103:17)\r\n    at writeOrBuffer (C:\\Users\\crroj\\AppData\\Roaming\\nvm\\v22.11.0\\node_modules\\appium\\node_modules\\readable-stream\\lib\\internal\\streams\\writable.js:334:12)\r\n    at _write (C:\\Users\\crroj\\AppData\\Roaming\\nvm\\v22.11.0\\node_modules\\appium\\node_modules\\readable-stream\\lib\\internal\\streams\\writable.js:283:10)\r\n    at File.Writable.write (C:\\Users\\crroj\\AppData\\Roaming\\nvm\\v22.11.0\\node_modules\\appium\\node_modules\\readable-stream\\lib\\internal\\streams\\writable.js:286:10)\r\n    at DerivedLogger.ondata (C:\\Users\\crroj\\AppData\\Roaming\\nvm\\v22.11.0\\node_modules\\appium\\node_modules\\winston\\node_modules\\readable-stream\\lib\\_stream_readable.js:629:20)\r\n    at DerivedLogger.emit (node:events:530:35)\r\n    at addChunk (C:\\Users\\crroj\\AppData\\Roaming\\nvm\\v22.11.0\\node_modules\\appium\\node_modules\\winston\\node_modules\\readable-stream\\lib\\_stream_readable.js:279:12)\r\n    at readableAddChunk (C:\\Users\\crroj\\AppData\\Roaming\\nvm\\v22.11.0\\node_modules\\appium\\node_modules\\winston\\node_modules\\readable-stream\\lib\\_stream_readable.js:262:11)\r\n    at DerivedLogger.Readable.push (C:\\Users\\crroj\\AppData\\Roaming\\nvm\\v22.11.0\\node_modules\\appium\\node_modules\\winston\\node_modules\\readable-stream\\lib\\_stream_readable.js:228:10)\r\n    at DerivedLogger.Transform.push (C:\\Users\\crroj\\AppData\\Roaming\\nvm\\v22.11.0\\node_modules\\appium\\node_modules\\winston\\node_modules\\readable-stream\\lib\\_stream_transform.js:132:32)\r\n    at DerivedLogger._transform (C:\\Users\\crroj\\AppData\\Roaming\\nvm\\v22.11.0\\node_modules\\appium\\node_modules\\winston\\lib\\winston\\logger.js:313:12)\r\n    at DerivedLogger.Transform._read (C:\\Users\\crroj\\AppData\\Roaming\\nvm\\v22.11.0\\node_modules\\appium\\node_modules\\winston\\node_modules\\readable-stream\\lib\\_stream_transform.js:166:10)\r\n    at DerivedLogger.Transform._write (C:\\Users\\crroj\\AppData\\Roaming\\nvm\\v22.11.0\\node_modules\\appium\\node_modules\\winston\\node_modules\\readable-stream\\lib\\_stream_transform.js:155:83)\r\nEmitted 'error' event on PassThrough instance at:\r\n    at errorOrDestroy (C:\\Users\\crroj\\AppData\\Roaming\\nvm\\v22.11.0\\node_modules\\appium\\node_modules\\winston\\node_modules\\readable-stream\\lib\\internal\\streams\\destroy.js:90:101)\r\n    at writeAfterEnd (C:\\Users\\crroj\\AppData\\Roaming\\nvm\\v22.11.0\\node_modules\\appium\\node_modules\\winston\\node_modules\\readable-stream\\lib\\_stream_writable.js:266:3)\r\n    at PassThrough.Writable.write (C:\\Users\\crroj\\AppData\\Roaming\\nvm\\v22.11.0\\node_modules\\appium\\node_modules\\winston\\node_modules\\readable-stream\\lib\\_stream_writable.js:300:21)\r\n    [... lines matching original stack trace ...]\r\n    at DerivedLogger.Transform._read (C:\\Users\\crroj\\AppData\\Roaming\\nvm\\v22.11.0\\node_modules\\appium\\node_modules\\winston\\node_modules\\readable-stream\\lib\\_stream_transform.js:166:10)\r\n\r\nNode.js v22.11.0\r\n\n","trace":"io.appium.java_client.service.local.AppiumServerHasNotBeenStartedLocallyException: The local appium server has not been started. The given Node.js executable: C:\\Program Files\\nodejs\\node.exe Arguments: [C:\\Program Files\\nodejs\\node_modules\\appium\\build\\lib\\main.js, --port, 57048, --address, 127.0.0.1, --log, C:\\Users\\crroj\\Documents\\Github_projects\\Learning_AndroidMobileAutomation_POM\\target\\resources\\appium_server_logs28, --session-override] \nProcess output: uncaughtException: EPERM: operation not permitted, stat 'C:\\Users\\crroj\\Documents\\Github_projects\\Learning_AndroidMobileAutomation_POM\\target\\resources\\appium_server_logs28'\nError: EPERM: operation not permitted, stat 'C:\\Users\\crroj\\Documents\\Github_projects\\Learning_AndroidMobileAutomation_POM\\target\\resources\\appium_server_logs28'\r\nnode:events:496\r\n      throw er; // Unhandled 'error' event\r\n      ^\r\n\r\nNodeError: write after end\r\n    at writeAfterEnd (C:\\Users\\crroj\\AppData\\Roaming\\nvm\\v22.11.0\\node_modules\\appium\\node_modules\\winston\\node_modules\\readable-stream\\lib\\_stream_writable.js:264:12)\r\n    at PassThrough.Writable.write (C:\\Users\\crroj\\AppData\\Roaming\\nvm\\v22.11.0\\node_modules\\appium\\node_modules\\winston\\node_modules\\readable-stream\\lib\\_stream_writable.js:300:21)\r\n    at File.log (C:\\Users\\crroj\\AppData\\Roaming\\nvm\\v22.11.0\\node_modules\\appium\\node_modules\\winston\\lib\\winston\\transports\\file.js:222:34)\r\n    at File._write (C:\\Users\\crroj\\AppData\\Roaming\\nvm\\v22.11.0\\node_modules\\appium\\node_modules\\winston-transport\\modern.js:103:17)\r\n    at writeOrBuffer (C:\\Users\\crroj\\AppData\\Roaming\\nvm\\v22.11.0\\node_modules\\appium\\node_modules\\readable-stream\\lib\\internal\\streams\\writable.js:334:12)\r\n    at _write (C:\\Users\\crroj\\AppData\\Roaming\\nvm\\v22.11.0\\node_modules\\appium\\node_modules\\readable-stream\\lib\\internal\\streams\\writable.js:283:10)\r\n    at File.Writable.write (C:\\Users\\crroj\\AppData\\Roaming\\nvm\\v22.11.0\\node_modules\\appium\\node_modules\\readable-stream\\lib\\internal\\streams\\writable.js:286:10)\r\n    at DerivedLogger.ondata (C:\\Users\\crroj\\AppData\\Roaming\\nvm\\v22.11.0\\node_modules\\appium\\node_modules\\winston\\node_modules\\readable-stream\\lib\\_stream_readable.js:629:20)\r\n    at DerivedLogger.emit (node:events:530:35)\r\n    at addChunk (C:\\Users\\crroj\\AppData\\Roaming\\nvm\\v22.11.0\\node_modules\\appium\\node_modules\\winston\\node_modules\\readable-stream\\lib\\_stream_readable.js:279:12)\r\n    at readableAddChunk (C:\\Users\\crroj\\AppData\\Roaming\\nvm\\v22.11.0\\node_modules\\appium\\node_modules\\winston\\node_modules\\readable-stream\\lib\\_stream_readable.js:262:11)\r\n    at DerivedLogger.Readable.push (C:\\Users\\crroj\\AppData\\Roaming\\nvm\\v22.11.0\\node_modules\\appium\\node_modules\\winston\\node_modules\\readable-stream\\lib\\_stream_readable.js:228:10)\r\n    at DerivedLogger.Transform.push (C:\\Users\\crroj\\AppData\\Roaming\\nvm\\v22.11.0\\node_modules\\appium\\node_modules\\winston\\node_modules\\readable-stream\\lib\\_stream_transform.js:132:32)\r\n    at DerivedLogger._transform (C:\\Users\\crroj\\AppData\\Roaming\\nvm\\v22.11.0\\node_modules\\appium\\node_modules\\winston\\lib\\winston\\logger.js:313:12)\r\n    at DerivedLogger.Transform._read (C:\\Users\\crroj\\AppData\\Roaming\\nvm\\v22.11.0\\node_modules\\appium\\node_modules\\winston\\node_modules\\readable-stream\\lib\\_stream_transform.js:166:10)\r\n    at DerivedLogger.Transform._write (C:\\Users\\crroj\\AppData\\Roaming\\nvm\\v22.11.0\\node_modules\\appium\\node_modules\\winston\\node_modules\\readable-stream\\lib\\_stream_transform.js:155:83)\r\nEmitted 'error' event on PassThrough instance at:\r\n    at errorOrDestroy (C:\\Users\\crroj\\AppData\\Roaming\\nvm\\v22.11.0\\node_modules\\appium\\node_modules\\winston\\node_modules\\readable-stream\\lib\\internal\\streams\\destroy.js:90:101)\r\n    at writeAfterEnd (C:\\Users\\crroj\\AppData\\Roaming\\nvm\\v22.11.0\\node_modules\\appium\\node_modules\\winston\\node_modules\\readable-stream\\lib\\_stream_writable.js:266:3)\r\n    at PassThrough.Writable.write (C:\\Users\\crroj\\AppData\\Roaming\\nvm\\v22.11.0\\node_modules\\appium\\node_modules\\winston\\node_modules\\readable-stream\\lib\\_stream_writable.js:300:21)\r\n    [... lines matching original stack trace ...]\r\n    at DerivedLogger.Transform._read (C:\\Users\\crroj\\AppData\\Roaming\\nvm\\v22.11.0\\node_modules\\appium\\node_modules\\winston\\node_modules\\readable-stream\\lib\\_stream_transform.js:166:10)\r\n\r\nNode.js v22.11.0\r\n\n\r\n\tat io.appium.java_client.service.local.AppiumDriverLocalService.start(AppiumDriverLocalService.java:190)\r\n\tat com.mobile.app.Base.BaseTest.startAppiumService(BaseTest.java:43)\r\n\tat com.mobile.app.Base.BaseTest.setUp(BaseTest.java:27)\r\n\tat java.base/jdk.internal.reflect.NativeMethodAccessorImpl.invoke0(Native Method)\r\n\tat java.base/jdk.internal.reflect.NativeMethodAccessorImpl.invoke(NativeMethodAccessorImpl.java:77)\r\n\tat java.base/jdk.internal.reflect.DelegatingMethodAccessorImpl.invoke(DelegatingMethodAccessorImpl.java:43)\r\n\tat java.base/java.lang.reflect.Method.invoke(Method.java:568)\r\n\tat org.testng.internal.invokers.MethodInvocationHelper.invokeMethod(MethodInvocationHelper.java:141)\r\n\tat org.testng.internal.invokers.MethodInvocationHelper.invokeMethodConsideringTimeout(MethodInvocationHelper.java:71)\r\n\tat org.testng.internal.invokers.ConfigInvoker.invokeConfigurationMethod(ConfigInvoker.java:400)\r\n\tat org.testng.internal.invokers.ConfigInvoker.invokeConfigurations(ConfigInvoker.java:333)\r\n\tat org.testng.internal.invokers.TestInvoker.runConfigMethods(TestInvoker.java:833)\r\n\tat org.testng.internal.invokers.TestInvoker.invokeMethod(TestInvoker.java:600)\r\n\tat org.testng.internal.invokers.TestInvoker.invokeTestMethod(TestInvoker.java:230)\r\n\tat org.testng.internal.invokers.MethodRunner.runInSequence(MethodRunner.java:63)\r\n\tat org.testng.internal.invokers.TestInvoker$MethodInvocationAgent.invoke(TestInvoker.java:992)\r\n\tat org.testng.internal.invokers.TestInvoker.invokeTestMethods(TestInvoker.java:203)\r\n\tat org.testng.internal.invokers.TestMethodWorker.invokeTestMethods(TestMethodWorker.java:154)\r\n\tat org.testng.internal.invokers.TestMethodWorker.run(TestMethodWorker.java:134)\r\n\tat java.base/java.util.ArrayList.forEach(ArrayList.java:1511)\r\n\tat org.testng.TestRunner.privateRun(TestRunner.java:739)\r\n\tat org.testng.TestRunner.run(TestRunner.java:614)\r\n\tat org.testng.SuiteRunner.runTest(SuiteRunner.java:421)\r\n\tat org.testng.SuiteRunner$SuiteWorker.run(SuiteRunner.java:463)\r\n\tat org.testng.internal.thread.ThreadUtil.lambda$execute$0(ThreadUtil.java:64)\r\n\tat java.base/java.util.concurrent.FutureTask.run(FutureTask.java:264)\r\n\tat java.base/java.util.concurrent.ThreadPoolExecutor.runWorker(ThreadPoolExecutor.java:1136)\r\n\tat java.base/java.util.concurrent.ThreadPoolExecutor$Worker.run(ThreadPoolExecutor.java:635)\r\n\tat java.base/java.lang.Thread.run(Thread.java:833)\r\nCaused by: org.openqa.selenium.net.UrlChecker$TimeoutException: Timed out waiting for [http://127.0.0.1:57048/status] to be available after 20004 ms\r\n\tat org.openqa.selenium.net.UrlChecker.waitUntilAvailable(UrlChecker.java:89)\r\n\tat io.appium.java_client.service.local.AppiumDriverLocalService.ping(AppiumDriverLocalService.java:155)\r\n\tat io.appium.java_client.service.local.AppiumDriverLocalService.start(AppiumDriverLocalService.java:177)\r\n\t... 28 more\r\nCaused by: java.util.concurrent.TimeoutException\r\n\tat java.base/java.util.concurrent.FutureTask.get(FutureTask.java:204)\r\n\tat org.openqa.selenium.net.UrlChecker.waitUntilAvailable(UrlChecker.java:87)\r\n\t... 30 more\r\n"},"stage":"finished","description":"","steps":[],"attachments":[],"parameters":[],"start":1749524405198,"stop":1749524425635}],"afters":[],"start":1749524405198,"stop":1749524425636}